<?xml version="1.0" encoding="UTF-8"?>
<!-- Generated by org.testng.reporters.JUnitReportReporter -->
<testsuite skipped="0" hostname="NITRO5" name="BlazeDemoTests" tests="1" failures="0" timestamp="2022-12-17T13:26:46 PST" time="0.000" errors="0">
  <testcase name="testCategories" time="0.000" classname="BlazeDemoTests"/>
  <system-out/>
</testsuite> <!-- BlazeDemoTests -->
